<?xml version="1.0" encoding="UTF-8"?>
<!-- Generated by org.testng.reporters.JUnitReportReporter -->
<testsuite hostname="INBOOK_X2_PLUS" failures="0" tests="12" name="restAssuredTestScripts.Reqress" time="6.212" errors="0" timestamp="2024-03-22T16:26:37 IST" skipped="11">
  <testcase classname="restAssuredTestScripts.Reqress" name="toGetDelayInResponse" time="6.212"/>
  <system-out/>
  <testcase classname="restAssuredTestScripts.Reqress" name="toLogin">
    <skipped/>
  </testcase> <!-- toLogin -->
  <system-out/>
  <testcase classname="restAssuredTestScripts.Reqress" name="toUpdate">
    <skipped/>
  </testcase> <!-- toUpdate -->
  <system-out/>
  <testcase classname="restAssuredTestScripts.Reqress" name="toCreateUser">
    <skipped/>
  </testcase> <!-- toCreateUser -->
  <system-out/>
  <testcase classname="restAssuredTestScripts.Reqress" name="getSingleUser">
    <skipped/>
  </testcase> <!-- getSingleUser -->
  <system-out/>
  <testcase classname="restAssuredTestScripts.Reqress" name="tologinUnsuccessFull">
    <skipped/>
  </testcase> <!-- tologinUnsuccessFull -->
  <system-out/>
  <testcase classname="restAssuredTestScripts.Reqress" name="toCheckAssertion">
    <skipped/>
  </testcase> <!-- toCheckAssertion -->
  <system-out/>
  <testcase classname="restAssuredTestScripts.Reqress" name="singleUserNOTFound">
    <skipped/>
  </testcase> <!-- singleUserNOTFound -->
  <system-out/>
  <testcase classname="restAssuredTestScripts.Reqress" name="toRegister">
    <skipped/>
  </testcase> <!-- toRegister -->
  <system-out/>
  <testcase classname="restAssuredTestScripts.Reqress" name="toRegisterUnsuccessFull">
    <skipped/>
  </testcase> <!-- toRegisterUnsuccessFull -->
  <system-out/>
  <testcase classname="restAssuredTestScripts.Reqress" name="toDeleteUser">
    <skipped/>
  </testcase> <!-- toDeleteUser -->
  <system-out/>
  <testcase classname="restAssuredTestScripts.Reqress" name="getListOfUsers">
    <skipped/>
  </testcase> <!-- getListOfUsers -->
  <system-out/>
</testsuite> <!-- restAssuredTestScripts.Reqress -->
