<?xml version="1.0" encoding="UTF-8"?>
<!-- Generated by org.testng.reporters.JUnitReportReporter -->
<testsuite hostname="INBOOK_X2_PLUS" failures="0" tests="1" name="restAssuredCodeStudio.QueryParameterTest" time="1.544" errors="0" timestamp="2024-03-25T18:33:31 IST" skipped="0">
  <testcase classname="restAssuredCodeStudio.QueryParameterTest" name="toQueryParameterTest" time="1.544"/>
  <system-out/>
</testsuite> <!-- restAssuredCodeStudio.QueryParameterTest -->
