<?xml version="1.0" encoding="UTF-8"?>
<!-- Generated by org.testng.reporters.JUnitReportReporter -->
<testsuite hostname="INBOOK_X2_PLUS" failures="0" tests="1" name="restAssuredCodeStudio.Authorization" time="3.224" errors="0" timestamp="2024-03-25T18:49:27 IST" skipped="0">
  <testcase classname="restAssuredCodeStudio.Authorization" name="toAuthorizationTest" time="3.224"/>
  <system-out/>
</testsuite> <!-- restAssuredCodeStudio.Authorization -->
