<?xml version="1.0" encoding="UTF-8"?>
<!-- Generated by org.testng.reporters.JUnitReportReporter -->
<testsuite hostname="INBOOK_X2_PLUS" failures="0" tests="4" name="restAssuredTestScripts.DataDrivenToUpdateUser" time="2.421" errors="0" timestamp="2024-03-26T13:52:07 IST" skipped="1">
  <testcase classname="restAssuredTestScripts.DataDrivenToUpdateUser" name="toUpdate" time="0.368"/>
  <system-out/>
  <testcase classname="restAssuredTestScripts.DataDrivenToUpdateUser" name="toUpdate" time="1.688"/>
  <system-out/>
  <testcase classname="restAssuredTestScripts.DataDrivenToUpdateUser" name="toUpdate" time="0.365"/>
  <system-out/>
  <testcase classname="restAssuredTestScripts.DataDrivenToUpdateUser" name="toDeleteUser">
    <skipped/>
  </testcase> <!-- toDeleteUser -->
  <system-out/>
</testsuite> <!-- restAssuredTestScripts.DataDrivenToUpdateUser -->
