<?xml version="1.0" encoding="UTF-8"?>
<!-- Generated by org.testng.reporters.JUnitReportReporter -->
<testsuite hostname="INBOOK_X2_PLUS" failures="0" tests="3" name="restAssuredTestScripts.TrelloRevision" time="3.683" errors="0" timestamp="2024-07-01T18:30:45 IST" skipped="2">
  <testcase classname="restAssuredTestScripts.TrelloRevision" name="toCreateBoard" time="3.683"/>
  <system-out/>
  <testcase classname="restAssuredTestScripts.TrelloRevision" name="toDeleteBoard">
    <skipped/>
  </testcase> <!-- toDeleteBoard -->
  <system-out/>
  <testcase classname="restAssuredTestScripts.TrelloRevision" name="toGetBoard">
    <skipped/>
  </testcase> <!-- toGetBoard -->
  <system-out/>
</testsuite> <!-- restAssuredTestScripts.TrelloRevision -->
