<?xml version="1.0" encoding="UTF-8"?>
<!-- Generated by org.testng.reporters.JUnitReportReporter -->
<testsuite hostname="INBOOK_X2_PLUS" failures="0" tests="7" name="restAssuredTestScripts.CryptoWallet" time="8.370" errors="0" timestamp="2024-07-02T12:28:56 IST" skipped="0">
  <testcase classname="restAssuredTestScripts.CryptoWallet" name="toCalculateTransaction_fee" time="3.844"/>
  <system-out/>
  <testcase classname="restAssuredTestScripts.CryptoWallet" name="toTransferToTranspient" time="0.737"/>
  <system-out/>
  <testcase classname="restAssuredTestScripts.CryptoWallet" name="toListAvailableExchange_rates" time="0.758"/>
  <system-out/>
  <testcase classname="restAssuredTestScripts.CryptoWallet" name="toRegisterUser" time="0.736"/>
  <system-out/>
  <testcase classname="restAssuredTestScripts.CryptoWallet" name="toLoginUser" time="0.752"/>
  <system-out/>
  <testcase classname="restAssuredTestScripts.CryptoWallet" name="toListAllTransactions" time="0.788"/>
  <system-out/>
  <testcase classname="restAssuredTestScripts.CryptoWallet" name="toRetrieveBalance" time="0.755"/>
  <system-out/>
</testsuite> <!-- restAssuredTestScripts.CryptoWallet -->
