<?xml version="1.0" encoding="UTF-8"?>
<!-- Generated by org.testng.reporters.JUnitReportReporter -->
<testsuite hostname="INBOOK_X2_PLUS" failures="0" tests="1" name="restAssuredCodeStudio.DeleteMethodTest" time="1.712" errors="0" timestamp="2024-03-25T11:45:53 IST" skipped="0">
  <testcase classname="restAssuredCodeStudio.DeleteMethodTest" name="toTestDeleteMethod" time="1.712"/>
  <system-out/>
</testsuite> <!-- restAssuredCodeStudio.DeleteMethodTest -->
