<?xml version="1.0" encoding="UTF-8"?>
<!-- Generated by org.testng.reporters.JUnitReportReporter -->
<testsuite hostname="INBOOK_X2_PLUS" failures="0" tests="1" name="restAssuredCodeStudio.PatchMethodTest" time="1.928" errors="0" timestamp="2024-03-25T11:13:58 IST" skipped="0">
  <testcase classname="restAssuredCodeStudio.PatchMethodTest" name="toTestPatchMethod" time="1.928"/>
  <system-out/>
</testsuite> <!-- restAssuredCodeStudio.PatchMethodTest -->
