<?xml version="1.0" encoding="UTF-8"?>
<!-- Generated by org.testng.reporters.JUnitReportReporter -->
<testsuite hostname="INBOOK_X2_PLUS" failures="0" tests="1" name="restAssuredCodeStudio.PostMethodTest" time="1.572" errors="0" timestamp="2024-03-25T10:45:10 IST" skipped="0">
  <testcase classname="restAssuredCodeStudio.PostMethodTest" name="toTestPost" time="1.572"/>
  <system-out/>
</testsuite> <!-- restAssuredCodeStudio.PostMethodTest -->
