<?xml version="1.0" encoding="UTF-8"?>
<!-- Generated by org.testng.reporters.JUnitReportReporter -->
<testsuite hostname="INBOOK_X2_PLUS" failures="0" tests="2" name="restAssuredCodeStudio.GetMethodTest" time="1.331" errors="0" timestamp="2024-03-25T12:07:17 IST" skipped="1">
  <testcase classname="restAssuredCodeStudio.GetMethodTest" name="toTest2Get" time="1.331"/>
  <system-out/>
  <testcase classname="restAssuredCodeStudio.GetMethodTest" name="toTestGet">
    <skipped/>
  </testcase> <!-- toTestGet -->
  <system-out/>
</testsuite> <!-- restAssuredCodeStudio.GetMethodTest -->
