<?xml version="1.0" encoding="UTF-8"?>
<!-- Generated by org.testng.reporters.JUnitReportReporter -->
<testsuite hostname="INBOOK_X2_PLUS" failures="0" tests="1" name="restAssuredCodeStudio.TestScript1" time="1.966" errors="0" timestamp="2024-03-25T08:46:16 IST" skipped="0">
  <testcase classname="restAssuredCodeStudio.TestScript1" name="toAccessGoogle" time="1.966"/>
  <system-out/>
</testsuite> <!-- restAssuredCodeStudio.TestScript1 -->
