<?xml version="1.0" encoding="UTF-8"?>
<!-- Generated by org.testng.reporters.JUnitReportReporter -->
<testsuite hostname="INBOOK_X2_PLUS" failures="0" tests="3" name="restAssuredTestScripts.DataDriven" time="4.563" errors="0" timestamp="2024-03-26T12:57:45 IST" skipped="0">
  <testcase classname="restAssuredTestScripts.DataDriven" name="toCreateUser" time="0.646"/>
  <system-out/>
  <testcase classname="restAssuredTestScripts.DataDriven" name="toCreateUser" time="0.533"/>
  <system-out/>
  <testcase classname="restAssuredTestScripts.DataDriven" name="toCreateUser" time="3.384"/>
  <system-out/>
</testsuite> <!-- restAssuredTestScripts.DataDriven -->
