<?xml version="1.0" encoding="UTF-8"?>
<!-- Generated by org.testng.reporters.JUnitReportReporter -->
<testsuite hostname="INBOOK_X2_PLUS" failures="0" tests="1" name="restAssuredCodeStudio.ValidateHeaderTest" time="1.232" errors="0" timestamp="2024-03-25T15:34:21 IST" skipped="0">
  <testcase classname="restAssuredCodeStudio.ValidateHeaderTest" name="toValidateHeaderTest" time="1.232"/>
  <system-out/>
</testsuite> <!-- restAssuredCodeStudio.ValidateHeaderTest -->
