<?xml version="1.0" encoding="UTF-8"?>
<!-- Generated by org.testng.reporters.JUnitReportReporter -->
<testsuite hostname="INBOOK_X2_PLUS" failures="0" tests="1" name="restAssuredCodeStudio.ValidateJSONResponseBodyTest" time="1.612" errors="0" timestamp="2024-03-25T18:22:46 IST" skipped="0">
  <testcase classname="restAssuredCodeStudio.ValidateJSONResponseBodyTest" name="toValidateJSONResponseBodyTest" time="1.612"/>
  <system-out/>
</testsuite> <!-- restAssuredCodeStudio.ValidateJSONResponseBodyTest -->
