<?xml version="1.0" encoding="UTF-8"?>
<!-- Generated by org.testng.reporters.JUnitReportReporter -->
<testsuite hostname="INBOOK_X2_PLUS" failures="0" tests="3" name="restAssuredTestScripts.DataDrivenToCreateUser" time="2.856" errors="0" timestamp="2024-03-26T13:06:41 IST" skipped="0">
  <testcase classname="restAssuredTestScripts.DataDrivenToCreateUser" name="toCreateUser" time="0.437"/>
  <system-out/>
  <testcase classname="restAssuredTestScripts.DataDrivenToCreateUser" name="toCreateUser" time="0.657"/>
  <system-out/>
  <testcase classname="restAssuredTestScripts.DataDrivenToCreateUser" name="toCreateUser" time="1.762"/>
  <system-out/>
</testsuite> <!-- restAssuredTestScripts.DataDrivenToCreateUser -->
