<?xml version="1.0" encoding="UTF-8"?>
<!-- Generated by org.testng.reporters.JUnitReportReporter -->
<testsuite hostname="INBOOK_X2_PLUS" failures="0" tests="2" name="restAssuredCodeStudio.ValidateResponceTest" time="1.528" errors="0" timestamp="2024-03-25T12:35:34 IST" skipped="1">
  <testcase classname="restAssuredCodeStudio.ValidateResponceTest" name="toValidateResponce_BDD" time="1.528"/>
  <system-out/>
  <testcase classname="restAssuredCodeStudio.ValidateResponceTest" name="toValidateResponce">
    <skipped/>
  </testcase> <!-- toValidateResponce -->
  <system-out/>
</testsuite> <!-- restAssuredCodeStudio.ValidateResponceTest -->
