<?xml version="1.0" encoding="UTF-8"?>
<!-- Generated by org.testng.reporters.JUnitReportReporter -->
<testsuite hostname="INBOOK_X2_PLUS" failures="0" tests="1" name="restAssuredTestScripts.CreateGitHubRepository" time="3.794" errors="0" timestamp="2024-03-22T17:17:00 IST" skipped="0">
  <testcase classname="restAssuredTestScripts.CreateGitHubRepository" name="TCreateGitHubRepository" time="3.794"/>
  <system-out/>
</testsuite> <!-- restAssuredTestScripts.CreateGitHubRepository -->
