<?xml version="1.0" encoding="UTF-8"?>
<!-- Generated by org.testng.reporters.JUnitReportReporter -->
<testsuite hostname="INBOOK_X2_PLUS" failures="0" tests="3" name="restAssuredTestScripts.Trello" time="5.283" errors="0" timestamp="2024-07-01T17:33:23 IST" skipped="2">
  <testcase classname="restAssuredTestScripts.Trello" name="createBoard" time="5.283"/>
  <system-out/>
  <testcase classname="restAssuredTestScripts.Trello" name="delete">
    <skipped/>
  </testcase> <!-- delete -->
  <system-out/>
  <testcase classname="restAssuredTestScripts.Trello" name="getBoard">
    <skipped/>
  </testcase> <!-- getBoard -->
  <system-out/>
</testsuite> <!-- restAssuredTestScripts.Trello -->
