<?xml version="1.0" encoding="UTF-8"?>
<!-- Generated by org.testng.reporters.JUnitReportReporter -->
<testsuite hostname="INBOOK_X2_PLUS" failures="0" tests="1" name="restAssuredCodeStudio.PutMethodTest" time="1.705" errors="0" timestamp="2024-03-25T11:03:55 IST" skipped="0">
  <testcase classname="restAssuredCodeStudio.PutMethodTest" name="toTestPut" time="1.705"/>
  <system-out/>
</testsuite> <!-- restAssuredCodeStudio.PutMethodTest -->
